0 verbose cli /opt/homebrew/Cellar/node/19.8.1/bin/node /opt/homebrew/bin/npm
1 info using npm@9.5.1
2 info using node@v19.8.1
3 timing npm:load:whichnode Completed in 0ms
4 timing config:load:defaults Completed in 1ms
5 timing config:load:file:/opt/homebrew/lib/node_modules/npm/npmrc Completed in 2ms
6 timing config:load:builtin Completed in 2ms
7 timing config:load:cli Completed in 2ms
8 timing config:load:env Completed in 0ms
9 timing config:load:file:/Users/kimhuibin/react-beginners-project/.npmrc Completed in 0ms
10 timing config:load:project Completed in 2ms
11 timing config:load:file:/Users/kimhuibin/.npmrc Completed in 0ms
12 timing config:load:user Completed in 0ms
13 timing config:load:file:/opt/homebrew/etc/npmrc Completed in 0ms
14 timing config:load:global Completed in 0ms
15 timing config:load:setEnvs Completed in 1ms
16 timing config:load Completed in 8ms
17 timing npm:load:configload Completed in 8ms
18 timing npm:load:mkdirpcache Completed in 0ms
19 timing npm:load:mkdirplogs Completed in 0ms
20 verbose title npm install @testing-library/jest-dom@^5.14.1 @testing-library/react@^13.0.0 @testing-library/user-event@^13.2.1 web-vitals@^2.1.0
21 verbose argv "install" "--no-audit" "--save" "@testing-library/jest-dom@^5.14.1" "@testing-library/react@^13.0.0" "@testing-library/user-event@^13.2.1" "web-vitals@^2.1.0"
22 timing npm:load:setTitle Completed in 2ms
23 timing config:load:flatten Completed in 1ms
24 timing npm:load:display Completed in 1ms
25 verbose logfile logs-max:10 dir:/Users/kimhuibin/.npm/_logs/2023-03-30T03_30_38_934Z-
26 verbose logfile /Users/kimhuibin/.npm/_logs/2023-03-30T03_30_38_934Z-debug-0.log
27 timing npm:load:logFile Completed in 3ms
28 timing npm:load:timers Completed in 0ms
29 timing npm:load:configScope Completed in 0ms
30 timing npm:load Completed in 14ms
31 timing arborist:ctor Completed in 0ms
32 silly logfile start cleaning logs, removing 1 files
33 silly logfile done cleaning log files
34 timing idealTree:init Completed in 313ms
35 timing idealTree:userRequests Completed in 1ms
36 silly idealTree buildDeps
37 silly fetch manifest @testing-library/jest-dom@^5.14.1
38 timing arborist:ctor Completed in 0ms
39 http fetch GET 200 https://registry.npmjs.org/@testing-library%2fjest-dom 367ms (cache revalidated)
40 silly fetch manifest @testing-library/react@^13.0.0
41 http fetch GET 200 https://registry.npmjs.org/@testing-library%2freact 43ms (cache revalidated)
42 silly fetch manifest react@^18.2.0
43 http fetch GET 200 https://registry.npmjs.org/react 7ms (cache hit)
44 silly fetch manifest react-dom@^18.2.0
45 http fetch GET 200 https://registry.npmjs.org/react-dom 7ms (cache hit)
46 silly fetch manifest @testing-library/user-event@^13.2.1
47 http fetch GET 200 https://registry.npmjs.org/@testing-library%2fuser-event 48ms (cache revalidated)
48 silly fetch manifest @testing-library/dom@>=7.21.4
49 http fetch GET 200 https://registry.npmjs.org/@testing-library%2fdom 47ms (cache revalidated)
50 silly fetch manifest web-vitals@^2.1.0
51 http fetch GET 200 https://registry.npmjs.org/web-vitals 32ms (cache revalidated)
52 silly placeDep ROOT @testing-library/jest-dom@5.16.5 OK for: react-beginners-project@0.1.0 want: ^5.14.1
53 silly placeDep ROOT @testing-library/react@13.4.0 OK for: react-beginners-project@0.1.0 want: ^13.0.0
54 silly placeDep ROOT @testing-library/user-event@13.5.0 OK for: react-beginners-project@0.1.0 want: ^13.2.1
55 silly placeDep ROOT @testing-library/dom@9.2.0 OK for: @testing-library/user-event@13.5.0 want: >=7.21.4
56 silly placeDep ROOT web-vitals@2.1.4 OK for: react-beginners-project@0.1.0 want: ^2.1.0
57 silly fetch manifest @types/testing-library__jest-dom@^5.9.1
58 silly fetch manifest chalk@^3.0.0
59 silly fetch manifest @adobe/css-tools@^4.0.1
60 silly fetch manifest css.escape@^1.5.1
61 silly fetch manifest dom-accessibility-api@^0.5.6
62 silly fetch manifest redent@^3.0.0
63 silly fetch manifest @testing-library/dom@^8.5.0
64 silly fetch manifest @types/react-dom@^18.0.0
65 silly fetch manifest @types/aria-query@^5.0.1
66 silly fetch manifest chalk@^4.1.0
67 silly fetch manifest dom-accessibility-api@^0.5.9
68 silly fetch manifest lz-string@^1.5.0
69 http fetch GET 200 https://registry.npmjs.org/chalk 31ms (cache hit)
70 http fetch GET 200 https://registry.npmjs.org/chalk 31ms (cache hit)
71 http fetch GET 200 https://registry.npmjs.org/@types%2ftesting-library__jest-dom 51ms (cache revalidated)
72 http fetch GET 200 https://registry.npmjs.org/redent 68ms (cache revalidated)
73 http fetch GET 200 https://registry.npmjs.org/dom-accessibility-api 69ms (cache revalidated)
74 http fetch GET 200 https://registry.npmjs.org/dom-accessibility-api 77ms (cache revalidated)
75 http fetch GET 200 https://registry.npmjs.org/lz-string 76ms (cache revalidated)
76 http fetch GET 200 https://registry.npmjs.org/@types%2freact-dom 80ms (cache revalidated)
77 http fetch GET 200 https://registry.npmjs.org/@types%2faria-query 88ms (cache revalidated)
78 http fetch GET 200 https://registry.npmjs.org/css.escape 95ms (cache revalidated)
79 http fetch GET 200 https://registry.npmjs.org/@adobe%2fcss-tools 95ms (cache revalidated)
80 timing idealTree:#root Completed in 678ms
81 silly placeDep ROOT @types/aria-query@5.0.1 OK for: @testing-library/dom@9.2.0 want: ^5.0.1
82 silly placeDep node_modules/@testing-library/dom chalk@4.1.2 OK for: @testing-library/dom@9.2.0 want: ^4.1.0
83 silly placeDep ROOT dom-accessibility-api@0.5.16 OK for: @testing-library/dom@9.2.0 want: ^0.5.9
84 silly placeDep ROOT lz-string@1.5.0 OK for: @testing-library/dom@9.2.0 want: ^1.5.0
85 silly fetch manifest ansi-styles@^4.1.0
86 silly fetch manifest supports-color@^7.1.0
87 http fetch GET 200 https://registry.npmjs.org/ansi-styles 2ms (cache hit)
88 http fetch GET 200 https://registry.npmjs.org/supports-color 3ms (cache hit)
89 timing idealTree:node_modules/@testing-library/dom Completed in 8ms
90 silly placeDep ROOT @adobe/css-tools@4.2.0 OK for: @testing-library/jest-dom@5.16.5 want: ^4.0.1
91 silly placeDep ROOT @types/testing-library__jest-dom@5.14.5 OK for: @testing-library/jest-dom@5.16.5 want: ^5.9.1
92 silly placeDep node_modules/@testing-library/jest-dom chalk@3.0.0 OK for: @testing-library/jest-dom@5.16.5 want: ^3.0.0
93 silly placeDep ROOT css.escape@1.5.1 OK for: @testing-library/jest-dom@5.16.5 want: ^1.5.1
94 silly placeDep ROOT redent@3.0.0 OK for: @testing-library/jest-dom@5.16.5 want: ^3.0.0
95 silly fetch manifest @types/jest@*
96 silly fetch manifest indent-string@^4.0.0
97 silly fetch manifest strip-indent@^3.0.0
98 http fetch GET 200 https://registry.npmjs.org/strip-indent 28ms (cache revalidated)
99 http fetch GET 200 https://registry.npmjs.org/indent-string 28ms (cache revalidated)
100 http fetch GET 200 https://registry.npmjs.org/@types%2fjest 31ms (cache revalidated)
101 timing idealTree:node_modules/@testing-library/jest-dom Completed in 36ms
102 timing idealTree:node_modules/@adobe/css-tools Completed in 0ms
103 silly placeDep node_modules/@testing-library/react @testing-library/dom@8.20.0 OK for: @testing-library/react@13.4.0 want: ^8.5.0
104 silly placeDep ROOT @types/react-dom@18.0.11 OK for: @testing-library/react@13.4.0 want: ^18.0.0
105 silly fetch manifest @types/react@*
106 http fetch GET 200 https://registry.npmjs.org/@types%2freact 32ms (cache revalidated)
107 timing idealTree:node_modules/@testing-library/react Completed in 37ms
108 timing idealTree:node_modules/@testing-library/user-event Completed in 0ms
109 timing idealTree:node_modules/@types/aria-query Completed in 0ms
110 silly placeDep ROOT @types/react@18.0.31 OK for: @types/react-dom@18.0.11 want: *
111 silly fetch manifest @types/prop-types@*
112 silly fetch manifest @types/scheduler@*
113 silly fetch manifest csstype@^3.0.2
114 http fetch GET 200 https://registry.npmjs.org/csstype 28ms (cache revalidated)
115 http fetch GET 200 https://registry.npmjs.org/@types%2fprop-types 36ms (cache revalidated)
116 http fetch GET 200 https://registry.npmjs.org/@types%2fscheduler 36ms (cache revalidated)
117 timing idealTree:node_modules/@types/react-dom Completed in 38ms
118 silly placeDep ROOT @types/prop-types@15.7.5 OK for: @types/react@18.0.31 want: *
119 silly placeDep ROOT @types/scheduler@0.16.3 OK for: @types/react@18.0.31 want: *
120 silly placeDep ROOT csstype@3.1.1 OK for: @types/react@18.0.31 want: ^3.0.2
121 timing idealTree:node_modules/@types/react Completed in 2ms
122 timing idealTree:node_modules/@types/prop-types Completed in 0ms
123 timing idealTree:node_modules/@types/scheduler Completed in 0ms
124 silly placeDep ROOT @types/jest@29.5.0 OK for: @types/testing-library__jest-dom@5.14.5 want: *
125 silly fetch manifest expect@^29.0.0
126 silly fetch manifest pretty-format@^29.0.0
127 http fetch GET 200 https://registry.npmjs.org/pretty-format 3ms (cache hit)
128 http fetch GET 200 https://registry.npmjs.org/expect 5ms (cache hit)
129 timing idealTree:node_modules/@types/testing-library__jest-dom Completed in 7ms
130 silly placeDep node_modules/@types/jest expect@29.5.0 OK for: @types/jest@29.5.0 want: ^29.0.0
131 silly placeDep node_modules/@types/jest pretty-format@29.5.0 OK for: @types/jest@29.5.0 want: ^29.0.0
132 silly fetch manifest @jest/expect-utils@^29.5.0
133 silly fetch manifest jest-get-type@^29.4.3
134 silly fetch manifest jest-matcher-utils@^29.5.0
135 silly fetch manifest jest-message-util@^29.5.0
136 silly fetch manifest jest-util@^29.5.0
137 silly fetch manifest @jest/schemas@^29.4.3
138 silly fetch manifest ansi-styles@^5.0.0
139 silly fetch manifest react-is@^18.0.0
140 http fetch GET 200 https://registry.npmjs.org/jest-message-util 8ms (cache hit)
141 http fetch GET 200 https://registry.npmjs.org/jest-get-type 11ms (cache hit)
142 http fetch GET 200 https://registry.npmjs.org/jest-matcher-utils 10ms (cache hit)
143 http fetch GET 200 https://registry.npmjs.org/react-is 13ms (cache hit)
144 http fetch GET 200 https://registry.npmjs.org/jest-util 18ms (cache hit)
145 http fetch GET 200 https://registry.npmjs.org/@jest%2fschemas 18ms (cache hit)
146 http fetch GET 200 https://registry.npmjs.org/@jest%2fexpect-utils 54ms (cache revalidated)
147 timing idealTree:node_modules/@types/jest Completed in 55ms
148 timing idealTree:node_modules/css.escape Completed in 0ms
149 timing idealTree:node_modules/csstype Completed in 0ms
150 timing idealTree:node_modules/dom-accessibility-api Completed in 0ms
151 timing idealTree:node_modules/lz-string Completed in 0ms
152 silly fetch manifest typescript@^3.2.1 || ^4
153 http fetch GET 200 https://registry.npmjs.org/typescript 18ms (cache hit)
154 silly placeDep ROOT typescript@4.9.5 REPLACE for: react-scripts@5.0.1 want: ^3.2.1 || ^4
155 timing idealTree:node_modules/react-scripts Completed in 55ms
156 silly placeDep ROOT indent-string@4.0.0 OK for: redent@3.0.0 want: ^4.0.0
157 silly placeDep ROOT strip-indent@3.0.0 OK for: redent@3.0.0 want: ^3.0.0
158 silly fetch manifest min-indent@^1.0.0
159 http fetch GET 200 https://registry.npmjs.org/min-indent 26ms (cache revalidated)
160 timing idealTree:node_modules/redent Completed in 29ms
161 timing idealTree:node_modules/indent-string Completed in 0ms
162 silly placeDep ROOT min-indent@1.0.1 OK for: strip-indent@3.0.0 want: ^1.0.0
163 timing idealTree:node_modules/strip-indent Completed in 1ms
164 timing idealTree:node_modules/min-indent Completed in 0ms
165 timing idealTree:node_modules/typescript Completed in 0ms
166 timing idealTree:node_modules/web-vitals Completed in 0ms
167 silly placeDep node_modules/@testing-library/dom ansi-styles@4.3.0 OK for: chalk@4.1.2 want: ^4.1.0
168 silly placeDep node_modules/@testing-library/dom supports-color@7.2.0 OK for: chalk@4.1.2 want: ^7.1.0
169 silly fetch manifest color-convert@^2.0.1
170 silly fetch manifest has-flag@^4.0.0
171 http fetch GET 200 https://registry.npmjs.org/has-flag 2ms (cache hit)
172 http fetch GET 200 https://registry.npmjs.org/color-convert 3ms (cache hit)
173 timing idealTree:node_modules/@testing-library/dom/node_modules/chalk Completed in 4ms
174 silly placeDep node_modules/@testing-library/dom color-convert@2.0.1 OK for: ansi-styles@4.3.0 want: ^2.0.1
175 silly fetch manifest color-name@~1.1.4
176 http fetch GET 200 https://registry.npmjs.org/color-name 1ms (cache hit)
177 timing idealTree:node_modules/@testing-library/dom/node_modules/ansi-styles Completed in 3ms
178 silly placeDep node_modules/@testing-library/dom color-name@1.1.4 OK for: color-convert@2.0.1 want: ~1.1.4
179 timing idealTree:node_modules/@testing-library/dom/node_modules/color-convert Completed in 0ms
180 timing idealTree:node_modules/@testing-library/dom/node_modules/color-name Completed in 0ms
181 silly placeDep node_modules/@testing-library/dom has-flag@4.0.0 OK for: supports-color@7.2.0 want: ^4.0.0
182 timing idealTree:node_modules/@testing-library/dom/node_modules/supports-color Completed in 1ms
183 timing idealTree:node_modules/@testing-library/dom/node_modules/has-flag Completed in 0ms
184 silly placeDep node_modules/@testing-library/jest-dom ansi-styles@4.3.0 OK for: chalk@3.0.0 want: ^4.1.0
185 silly placeDep node_modules/@testing-library/jest-dom supports-color@7.2.0 OK for: chalk@3.0.0 want: ^7.1.0
186 timing idealTree:node_modules/@testing-library/jest-dom/node_modules/chalk Completed in 1ms
187 silly placeDep node_modules/@testing-library/jest-dom color-convert@2.0.1 OK for: ansi-styles@4.3.0 want: ^2.0.1
188 timing idealTree:node_modules/@testing-library/jest-dom/node_modules/ansi-styles Completed in 0ms
189 silly placeDep node_modules/@testing-library/jest-dom color-name@1.1.4 OK for: color-convert@2.0.1 want: ~1.1.4
190 timing idealTree:node_modules/@testing-library/jest-dom/node_modules/color-convert Completed in 1ms
191 timing idealTree:node_modules/@testing-library/jest-dom/node_modules/color-name Completed in 0ms
192 silly placeDep node_modules/@testing-library/jest-dom has-flag@4.0.0 OK for: supports-color@7.2.0 want: ^4.0.0
193 timing idealTree:node_modules/@testing-library/jest-dom/node_modules/supports-color Completed in 0ms
194 timing idealTree:node_modules/@testing-library/jest-dom/node_modules/has-flag Completed in 0ms
195 silly placeDep node_modules/@testing-library/react chalk@4.1.2 OK for: @testing-library/dom@8.20.0 want: ^4.1.0
196 timing idealTree:node_modules/@testing-library/react/node_modules/@testing-library/dom Completed in 1ms
197 silly placeDep node_modules/@testing-library/react ansi-styles@4.3.0 OK for: chalk@4.1.2 want: ^4.1.0
198 silly placeDep node_modules/@testing-library/react supports-color@7.2.0 OK for: chalk@4.1.2 want: ^7.1.0
199 timing idealTree:node_modules/@testing-library/react/node_modules/chalk Completed in 0ms
200 silly placeDep node_modules/@testing-library/react color-convert@2.0.1 OK for: ansi-styles@4.3.0 want: ^2.0.1
201 timing idealTree:node_modules/@testing-library/react/node_modules/ansi-styles Completed in 1ms
202 silly placeDep node_modules/@testing-library/react color-name@1.1.4 OK for: color-convert@2.0.1 want: ~1.1.4
203 timing idealTree:node_modules/@testing-library/react/node_modules/color-convert Completed in 0ms
204 timing idealTree:node_modules/@testing-library/react/node_modules/color-name Completed in 0ms
205 silly placeDep node_modules/@testing-library/react has-flag@4.0.0 OK for: supports-color@7.2.0 want: ^4.0.0
206 timing idealTree:node_modules/@testing-library/react/node_modules/supports-color Completed in 0ms
207 timing idealTree:node_modules/@testing-library/react/node_modules/has-flag Completed in 0ms
208 silly placeDep ROOT @jest/expect-utils@29.5.0 OK for: expect@29.5.0 want: ^29.5.0
209 silly placeDep node_modules/@types/jest jest-get-type@29.4.3 OK for: expect@29.5.0 want: ^29.4.3
210 silly placeDep node_modules/@types/jest jest-matcher-utils@29.5.0 OK for: expect@29.5.0 want: ^29.5.0
211 silly placeDep node_modules/@types/jest jest-message-util@29.5.0 OK for: expect@29.5.0 want: ^29.5.0
212 silly placeDep node_modules/@types/jest jest-util@29.5.0 OK for: expect@29.5.0 want: ^29.5.0
213 silly fetch manifest chalk@^4.0.0
214 silly fetch manifest jest-diff@^29.5.0
215 silly fetch manifest @jest/types@^29.5.0
216 http fetch GET 200 https://registry.npmjs.org/jest-diff 4ms (cache hit)
217 http fetch GET 200 https://registry.npmjs.org/@jest%2ftypes 4ms (cache hit)
218 timing idealTree:node_modules/@types/jest/node_modules/expect Completed in 8ms
219 silly placeDep node_modules/@jest/expect-utils jest-get-type@29.4.3 OK for: @jest/expect-utils@29.5.0 want: ^29.4.3
220 timing idealTree:node_modules/@jest/expect-utils Completed in 0ms
221 timing idealTree:node_modules/@jest/expect-utils/node_modules/jest-get-type Completed in 0ms
222 timing idealTree:node_modules/@types/jest/node_modules/jest-get-type Completed in 0ms
223 silly placeDep node_modules/@types/jest chalk@4.1.2 OK for: jest-matcher-utils@29.5.0 want: ^4.0.0
224 silly placeDep node_modules/@types/jest jest-diff@29.5.0 OK for: jest-matcher-utils@29.5.0 want: ^29.5.0
225 silly fetch manifest diff-sequences@^29.4.3
226 http fetch GET 200 https://registry.npmjs.org/diff-sequences 2ms (cache hit)
227 timing idealTree:node_modules/@types/jest/node_modules/jest-matcher-utils Completed in 4ms
228 silly placeDep node_modules/@types/jest ansi-styles@4.3.0 OK for: chalk@4.1.2 want: ^4.1.0
229 silly placeDep node_modules/@types/jest supports-color@7.2.0 OK for: chalk@4.1.2 want: ^7.1.0
230 timing idealTree:node_modules/@types/jest/node_modules/chalk Completed in 1ms
231 silly placeDep node_modules/@types/jest color-convert@2.0.1 OK for: ansi-styles@4.3.0 want: ^2.0.1
232 timing idealTree:node_modules/@types/jest/node_modules/ansi-styles Completed in 0ms
233 silly placeDep node_modules/@types/jest color-name@1.1.4 OK for: color-convert@2.0.1 want: ~1.1.4
234 timing idealTree:node_modules/@types/jest/node_modules/color-convert Completed in 1ms
235 timing idealTree:node_modules/@types/jest/node_modules/color-name Completed in 0ms
236 silly placeDep node_modules/@types/jest diff-sequences@29.4.3 OK for: jest-diff@29.5.0 want: ^29.4.3
237 timing idealTree:node_modules/@types/jest/node_modules/jest-diff Completed in 0ms
238 timing idealTree:node_modules/@types/jest/node_modules/diff-sequences Completed in 0ms
239 silly placeDep node_modules/@types/jest @jest/types@29.5.0 OK for: jest-message-util@29.5.0 want: ^29.5.0
240 silly fetch manifest @types/yargs@^17.0.8
241 http fetch GET 200 https://registry.npmjs.org/@types%2fyargs 2ms (cache hit)
242 timing idealTree:node_modules/@types/jest/node_modules/jest-message-util Completed in 3ms
243 silly placeDep node_modules/@types/jest @jest/schemas@29.4.3 OK for: @jest/types@29.5.0 want: ^29.4.3
244 silly placeDep node_modules/@types/jest @types/yargs@17.0.24 OK for: @jest/types@29.5.0 want: ^17.0.8
245 silly fetch manifest @sinclair/typebox@^0.25.16
246 http fetch GET 200 https://registry.npmjs.org/@sinclair%2ftypebox 1ms (cache hit)
247 timing idealTree:node_modules/@types/jest/node_modules/@jest/types Completed in 4ms
248 silly placeDep node_modules/@types/jest @sinclair/typebox@0.25.24 OK for: @jest/schemas@29.4.3 want: ^0.25.16
249 timing idealTree:node_modules/@types/jest/node_modules/@jest/schemas Completed in 1ms
250 timing idealTree:node_modules/@types/jest/node_modules/@sinclair/typebox Completed in 0ms
251 timing idealTree:node_modules/@types/jest/node_modules/@types/yargs Completed in 0ms
252 timing idealTree:node_modules/@types/jest/node_modules/jest-util Completed in 0ms
253 silly placeDep node_modules/@types/jest/node_modules/pretty-format ansi-styles@5.2.0 OK for: pretty-format@29.5.0 want: ^5.0.0
254 silly placeDep node_modules/@types/jest react-is@18.2.0 OK for: pretty-format@29.5.0 want: ^18.0.0
255 timing idealTree:node_modules/@types/jest/node_modules/pretty-format Completed in 0ms
256 timing idealTree:node_modules/@types/jest/node_modules/react-is Completed in 0ms
257 silly placeDep node_modules/@types/jest has-flag@4.0.0 OK for: supports-color@7.2.0 want: ^4.0.0
258 timing idealTree:node_modules/@types/jest/node_modules/supports-color Completed in 0ms
259 timing idealTree:node_modules/@types/jest/node_modules/has-flag Completed in 0ms
260 timing idealTree:node_modules/@types/jest/node_modules/pretty-format/node_modules/ansi-styles Completed in 0ms
261 timing idealTree:buildDeps Completed in 986ms
262 timing idealTree:fixDepFlags Completed in 8ms
263 timing idealTree Completed in 1313ms
264 timing reify:loadTrees Completed in 1313ms
265 timing reify:diffTrees Completed in 9ms
266 silly reify mark retired [
266 silly reify   '/Users/kimhuibin/react-beginners-project/node_modules/typescript',
266 silly reify   '/Users/kimhuibin/react-beginners-project/node_modules/.bin/tsc',
266 silly reify   '/Users/kimhuibin/react-beginners-project/node_modules/.bin/tsserver'
266 silly reify ]
267 silly reify moves {
267 silly reify   '/Users/kimhuibin/react-beginners-project/node_modules/typescript': '/Users/kimhuibin/react-beginners-project/node_modules/.typescript-HetKPrkf',
267 silly reify   '/Users/kimhuibin/react-beginners-project/node_modules/.bin/tsc': '/Users/kimhuibin/react-beginners-project/node_modules/.bin/.tsc-uitHvTgL',
267 silly reify   '/Users/kimhuibin/react-beginners-project/node_modules/.bin/tsserver': '/Users/kimhuibin/react-beginners-project/node_modules/.bin/.tsserver-3lm81y9c'
267 silly reify }
268 timing reify:retireShallow Completed in 1ms
269 timing reify:createSparse Completed in 3ms
270 timing reify:loadBundles Completed in 0ms
271 timing reifyNode:node_modules/@types/prop-types Completed in 230ms
272 timing reifyNode:node_modules/@types/aria-query Completed in 230ms
273 timing reifyNode:node_modules/min-indent Completed in 230ms
274 timing reifyNode:node_modules/css.escape Completed in 230ms
275 timing reifyNode:node_modules/@types/jest/node_modules/color-name Completed in 231ms
276 timing reifyNode:node_modules/@testing-library/dom/node_modules/color-name Completed in 231ms
277 timing reifyNode:node_modules/@testing-library/jest-dom/node_modules/color-name Completed in 230ms
278 timing reifyNode:node_modules/@testing-library/react/node_modules/color-name Completed in 231ms
279 timing reifyNode:node_modules/indent-string Completed in 232ms
280 timing reifyNode:node_modules/strip-indent Completed in 232ms
281 timing reifyNode:node_modules/redent Completed in 232ms
282 timing reifyNode:node_modules/@types/scheduler Completed in 232ms
283 timing reifyNode:node_modules/@types/jest/node_modules/has-flag Completed in 232ms
284 timing reifyNode:node_modules/@types/jest/node_modules/supports-color Completed in 233ms
285 timing reifyNode:node_modules/@jest/expect-utils/node_modules/jest-get-type Completed in 233ms
286 timing reifyNode:node_modules/@types/jest/node_modules/jest-get-type Completed in 233ms
287 timing reifyNode:node_modules/@testing-library/dom/node_modules/supports-color Completed in 233ms
288 timing reifyNode:node_modules/@testing-library/dom/node_modules/has-flag Completed in 233ms
289 timing reifyNode:node_modules/@testing-library/jest-dom/node_modules/has-flag Completed in 232ms
290 timing reifyNode:node_modules/@testing-library/react/node_modules/has-flag Completed in 234ms
291 timing reifyNode:node_modules/@testing-library/react/node_modules/supports-color Completed in 233ms
292 timing reifyNode:node_modules/@testing-library/jest-dom/node_modules/supports-color Completed in 233ms
293 timing reifyNode:node_modules/@types/jest/node_modules/@jest/schemas Completed in 234ms
294 timing reifyNode:node_modules/@types/jest/node_modules/ansi-styles Completed in 234ms
295 timing reifyNode:node_modules/@types/jest/node_modules/pretty-format/node_modules/ansi-styles Completed in 234ms
296 timing reifyNode:node_modules/@testing-library/react/node_modules/ansi-styles Completed in 233ms
297 timing reifyNode:node_modules/@testing-library/dom/node_modules/ansi-styles Completed in 235ms
298 timing reifyNode:node_modules/@testing-library/jest-dom/node_modules/ansi-styles Completed in 234ms
299 timing reifyNode:node_modules/@types/testing-library__jest-dom Completed in 235ms
300 timing reifyNode:node_modules/@types/jest Completed in 236ms
301 timing reifyNode:node_modules/@types/jest/node_modules/jest-message-util Completed in 236ms
302 timing reifyNode:node_modules/@types/jest/node_modules/color-convert Completed in 236ms
303 timing reifyNode:node_modules/@testing-library/dom/node_modules/color-convert Completed in 236ms
304 timing reifyNode:node_modules/@testing-library/react/node_modules/color-convert Completed in 236ms
305 timing reifyNode:node_modules/@testing-library/jest-dom/node_modules/color-convert Completed in 236ms
306 timing reifyNode:node_modules/@testing-library/jest-dom/node_modules/chalk Completed in 236ms
307 timing reifyNode:node_modules/@types/jest/node_modules/jest-matcher-utils Completed in 237ms
308 timing reifyNode:node_modules/@types/jest/node_modules/diff-sequences Completed in 237ms
309 timing reifyNode:node_modules/@types/jest/node_modules/chalk Completed in 238ms
310 timing reifyNode:node_modules/@testing-library/dom/node_modules/chalk Completed in 238ms
311 timing reifyNode:node_modules/@testing-library/react/node_modules/chalk Completed in 237ms
312 timing reifyNode:node_modules/@jest/expect-utils Completed in 239ms
313 timing reifyNode:node_modules/@types/jest/node_modules/@types/yargs Completed in 238ms
314 timing reifyNode:node_modules/@types/jest/node_modules/react-is Completed in 238ms
315 timing reifyNode:node_modules/@types/react-dom Completed in 239ms
316 timing reifyNode:node_modules/@types/jest/node_modules/@jest/types Completed in 239ms
317 timing reifyNode:node_modules/@types/react Completed in 242ms
318 timing reifyNode:node_modules/@types/jest/node_modules/jest-diff Completed in 242ms
319 timing reifyNode:node_modules/@types/jest/node_modules/expect Completed in 243ms
320 timing reifyNode:node_modules/@types/jest/node_modules/jest-util Completed in 243ms
321 timing reifyNode:node_modules/@types/jest/node_modules/pretty-format Completed in 266ms
322 timing reifyNode:node_modules/lz-string Completed in 270ms
323 timing reifyNode:node_modules/@testing-library/jest-dom Completed in 273ms
324 timing reifyNode:node_modules/@adobe/css-tools Completed in 277ms
325 timing reifyNode:node_modules/dom-accessibility-api Completed in 284ms
326 timing reifyNode:node_modules/csstype Completed in 284ms
327 timing reifyNode:node_modules/web-vitals Completed in 285ms
328 timing reifyNode:node_modules/@types/jest/node_modules/@sinclair/typebox Completed in 286ms
329 timing reifyNode:node_modules/@testing-library/user-event Completed in 291ms
330 timing reifyNode:node_modules/@testing-library/react/node_modules/@testing-library/dom Completed in 296ms
331 timing reifyNode:node_modules/@testing-library/dom Completed in 297ms
332 timing reifyNode:node_modules/@testing-library/react Completed in 298ms
333 timing reifyNode:node_modules/typescript Completed in 367ms
334 timing reify:unpack Completed in 369ms
335 timing reify:unretire Completed in 0ms
336 timing build:queue Completed in 1ms
337 timing build:link:node_modules/lz-string Completed in 1ms
338 timing build:link:node_modules/typescript Completed in 1ms
339 timing build:link Completed in 2ms
340 timing build:deps Completed in 3ms
341 timing build Completed in 3ms
342 timing reify:build Completed in 3ms
343 timing reify:trash Completed in 4ms
344 timing reify:save Completed in 101ms
345 timing reify Completed in 1854ms
346 silly ADD node_modules/@jest/expect-utils
347 silly ADD node_modules/@jest/expect-utils/node_modules/jest-get-type
348 silly ADD node_modules/min-indent
349 silly ADD node_modules/strip-indent
350 silly ADD node_modules/indent-string
351 silly ADD node_modules/@types/jest
352 silly ADD node_modules/@types/jest/node_modules/has-flag
353 silly ADD node_modules/@types/jest/node_modules/react-is
354 silly ADD node_modules/@types/jest/node_modules/@sinclair/typebox
355 silly ADD node_modules/@types/jest/node_modules/@types/yargs
356 silly ADD node_modules/@types/jest/node_modules/@jest/schemas
357 silly ADD node_modules/@types/jest/node_modules/@jest/types
358 silly ADD node_modules/@types/jest/node_modules/diff-sequences
359 silly ADD node_modules/@types/jest/node_modules/color-name
360 silly ADD node_modules/@types/jest/node_modules/color-convert
361 silly ADD node_modules/@types/jest/node_modules/supports-color
362 silly ADD node_modules/@types/jest/node_modules/ansi-styles
363 silly ADD node_modules/@types/jest/node_modules/jest-diff
364 silly ADD node_modules/@types/jest/node_modules/chalk
365 silly ADD node_modules/@types/jest/node_modules/jest-util
366 silly ADD node_modules/@types/jest/node_modules/jest-message-util
367 silly ADD node_modules/@types/jest/node_modules/jest-matcher-utils
368 silly ADD node_modules/@types/jest/node_modules/jest-get-type
369 silly ADD node_modules/@types/jest/node_modules/pretty-format
370 silly ADD node_modules/@types/jest/node_modules/pretty-format/node_modules/ansi-styles
371 silly ADD node_modules/@types/jest/node_modules/expect
372 silly ADD node_modules/csstype
373 silly ADD node_modules/@types/scheduler
374 silly ADD node_modules/@types/prop-types
375 silly ADD node_modules/@types/react
376 silly ADD node_modules/@types/react-dom
377 silly ADD node_modules/redent
378 silly ADD node_modules/css.escape
379 silly ADD node_modules/@types/testing-library__jest-dom
380 silly ADD node_modules/@adobe/css-tools
381 silly ADD node_modules/lz-string
382 silly ADD node_modules/dom-accessibility-api
383 silly ADD node_modules/@types/aria-query
384 silly ADD node_modules/web-vitals
385 silly ADD node_modules/@testing-library/dom
386 silly ADD node_modules/@testing-library/dom/node_modules/has-flag
387 silly ADD node_modules/@testing-library/dom/node_modules/color-name
388 silly ADD node_modules/@testing-library/dom/node_modules/color-convert
389 silly ADD node_modules/@testing-library/dom/node_modules/supports-color
390 silly ADD node_modules/@testing-library/dom/node_modules/ansi-styles
391 silly ADD node_modules/@testing-library/dom/node_modules/chalk
392 silly ADD node_modules/@testing-library/user-event
393 silly ADD node_modules/@testing-library/react
394 silly ADD node_modules/@testing-library/react/node_modules/has-flag
395 silly ADD node_modules/@testing-library/react/node_modules/color-name
396 silly ADD node_modules/@testing-library/react/node_modules/color-convert
397 silly ADD node_modules/@testing-library/react/node_modules/supports-color
398 silly ADD node_modules/@testing-library/react/node_modules/ansi-styles
399 silly ADD node_modules/@testing-library/react/node_modules/chalk
400 silly ADD node_modules/@testing-library/react/node_modules/@testing-library/dom
401 silly ADD node_modules/@testing-library/jest-dom
402 silly ADD node_modules/@testing-library/jest-dom/node_modules/has-flag
403 silly ADD node_modules/@testing-library/jest-dom/node_modules/color-name
404 silly ADD node_modules/@testing-library/jest-dom/node_modules/color-convert
405 silly ADD node_modules/@testing-library/jest-dom/node_modules/supports-color
406 silly ADD node_modules/@testing-library/jest-dom/node_modules/ansi-styles
407 silly ADD node_modules/@testing-library/jest-dom/node_modules/chalk
408 silly CHANGE node_modules/typescript
409 timing command:install Completed in 1859ms
410 verbose exit 0
411 timing npm Completed in 1879ms
412 info ok
