0 verbose cli /opt/homebrew/Cellar/node/19.8.1/bin/node /opt/homebrew/bin/npm
1 info using npm@9.5.1
2 info using node@v19.8.1
3 timing npm:load:whichnode Completed in 2ms
4 timing config:load:defaults Completed in 1ms
5 timing config:load:file:/opt/homebrew/lib/node_modules/npm/npmrc Completed in 2ms
6 timing config:load:builtin Completed in 2ms
7 timing config:load:cli Completed in 1ms
8 timing config:load:env Completed in 0ms
9 timing config:load:file:/Users/kimhuibin/Library/Caches/typescript/4.9/.npmrc Completed in 0ms
10 timing config:load:project Completed in 0ms
11 timing config:load:file:/Users/kimhuibin/.npmrc Completed in 0ms
12 timing config:load:user Completed in 0ms
13 timing config:load:file:/opt/homebrew/etc/npmrc Completed in 0ms
14 timing config:load:global Completed in 0ms
15 timing config:load:setEnvs Completed in 0ms
16 timing config:load Completed in 6ms
17 timing npm:load:configload Completed in 6ms
18 timing npm:load:mkdirpcache Completed in 0ms
19 timing npm:load:mkdirplogs Completed in 0ms
20 verbose title npm install @types/testing-library__jest-dom@ts4.9 @types/react@ts4.9 @types/react-dom@ts4.9
21 verbose argv "install" "--ignore-scripts" "@types/testing-library__jest-dom@ts4.9" "@types/react@ts4.9" "@types/react-dom@ts4.9" "--save-dev" "--user-agent" "typesInstaller/4.9.5"
22 timing npm:load:setTitle Completed in 2ms
23 timing config:load:flatten Completed in 1ms
24 timing npm:load:display Completed in 2ms
25 verbose logfile logs-max:10 dir:/Users/kimhuibin/.npm/_logs/2023-03-30T03_42_38_567Z-
26 verbose logfile /Users/kimhuibin/.npm/_logs/2023-03-30T03_42_38_567Z-debug-0.log
27 timing npm:load:logFile Completed in 2ms
28 timing npm:load:timers Completed in 0ms
29 timing npm:load:configScope Completed in 0ms
30 timing npm:load Completed in 14ms
31 timing arborist:ctor Completed in 1ms
32 silly logfile start cleaning logs, removing 1 files
33 silly logfile done cleaning log files
34 timing idealTree:init Completed in 6ms
35 timing arborist:ctor Completed in 0ms
36 http fetch GET 200 https://registry.npmjs.org/@types%2freact-dom 90ms (cache revalidated)
37 http fetch GET 200 https://registry.npmjs.org/@types%2freact 93ms (cache revalidated)
38 http fetch GET 200 https://registry.npmjs.org/@types%2ftesting-library__jest-dom 98ms (cache revalidated)
39 timing idealTree:userRequests Completed in 101ms
40 silly idealTree buildDeps
41 silly fetch manifest @types/react-dom@18.0.11
42 silly fetch manifest @types/react@18.0.31
43 silly fetch manifest @types/testing-library__jest-dom@5.14.5
44 silly placeDep ROOT @types/react@18.0.31 OK for:  want: 18.0.31
45 silly placeDep ROOT @types/react-dom@18.0.11 OK for:  want: 18.0.11
46 silly placeDep ROOT @types/testing-library__jest-dom@5.14.5 OK for:  want: 5.14.5
47 silly fetch manifest @types/prop-types@*
48 silly fetch manifest @types/scheduler@*
49 silly fetch manifest csstype@^3.0.2
50 silly fetch manifest @types/jest@*
51 http fetch GET 200 https://registry.npmjs.org/csstype 29ms (cache revalidated)
52 http fetch GET 200 https://registry.npmjs.org/@types%2fprop-types 36ms (cache revalidated)
53 http fetch GET 200 https://registry.npmjs.org/@types%2fscheduler 37ms (cache revalidated)
54 http fetch GET 200 https://registry.npmjs.org/@types%2fjest 58ms (cache revalidated)
55 timing idealTree:#root Completed in 63ms
56 silly placeDep ROOT @types/prop-types@15.7.5 OK for: @types/react@18.0.31 want: *
57 silly placeDep ROOT @types/scheduler@0.16.3 OK for: @types/react@18.0.31 want: *
58 silly placeDep ROOT csstype@3.1.1 OK for: @types/react@18.0.31 want: ^3.0.2
59 timing idealTree:node_modules/@types/react Completed in 2ms
60 timing idealTree:node_modules/@types/prop-types Completed in 0ms
61 timing idealTree:node_modules/@types/react-dom Completed in 0ms
62 timing idealTree:node_modules/@types/scheduler Completed in 0ms
63 silly placeDep ROOT @types/jest@29.5.0 OK for: @types/testing-library__jest-dom@5.14.5 want: *
64 silly fetch manifest expect@^29.0.0
65 silly fetch manifest pretty-format@^29.0.0
66 http fetch GET 200 https://registry.npmjs.org/pretty-format 30ms (cache revalidated)
67 http fetch GET 200 https://registry.npmjs.org/expect 35ms (cache revalidated)
68 timing idealTree:node_modules/@types/testing-library__jest-dom Completed in 37ms
69 silly placeDep ROOT expect@29.5.0 OK for: @types/jest@29.5.0 want: ^29.0.0
70 silly placeDep ROOT pretty-format@29.5.0 OK for: @types/jest@29.5.0 want: ^29.0.0
71 silly fetch manifest @jest/expect-utils@^29.5.0
72 silly fetch manifest jest-get-type@^29.4.3
73 silly fetch manifest jest-matcher-utils@^29.5.0
74 silly fetch manifest jest-message-util@^29.5.0
75 silly fetch manifest jest-util@^29.5.0
76 silly fetch manifest @jest/schemas@^29.4.3
77 silly fetch manifest ansi-styles@^5.0.0
78 silly fetch manifest react-is@^18.0.0
79 http fetch GET 200 https://registry.npmjs.org/jest-message-util 30ms (cache revalidated)
80 http fetch GET 200 https://registry.npmjs.org/jest-get-type 32ms (cache revalidated)
81 http fetch GET 200 https://registry.npmjs.org/jest-util 33ms (cache revalidated)
82 http fetch GET 200 https://registry.npmjs.org/react-is 58ms (cache revalidated)
83 http fetch GET 200 https://registry.npmjs.org/ansi-styles 62ms (cache revalidated)
84 http fetch GET 200 https://registry.npmjs.org/jest-matcher-utils 65ms (cache revalidated)
85 http fetch GET 200 https://registry.npmjs.org/@jest%2fschemas 305ms (cache revalidated)
86 http fetch GET 200 https://registry.npmjs.org/@jest%2fexpect-utils 319ms (cache revalidated)
87 timing idealTree:node_modules/@types/jest Completed in 321ms
88 timing idealTree:node_modules/csstype Completed in 0ms
89 silly placeDep ROOT @jest/expect-utils@29.5.0 OK for: expect@29.5.0 want: ^29.5.0
90 silly placeDep ROOT jest-get-type@29.4.3 OK for: expect@29.5.0 want: ^29.4.3
91 silly placeDep ROOT jest-matcher-utils@29.5.0 OK for: expect@29.5.0 want: ^29.5.0
92 silly placeDep ROOT jest-message-util@29.5.0 OK for: expect@29.5.0 want: ^29.5.0
93 silly placeDep ROOT jest-util@29.5.0 OK for: expect@29.5.0 want: ^29.5.0
94 silly fetch manifest chalk@^4.0.0
95 silly fetch manifest jest-diff@^29.5.0
96 silly fetch manifest @babel/code-frame@^7.12.13
97 silly fetch manifest @jest/types@^29.5.0
98 silly fetch manifest @types/stack-utils@^2.0.0
99 silly fetch manifest graceful-fs@^4.2.9
100 silly fetch manifest micromatch@^4.0.4
101 silly fetch manifest slash@^3.0.0
102 silly fetch manifest stack-utils@^2.0.3
103 silly fetch manifest @types/node@*
104 silly fetch manifest ci-info@^3.2.0
105 silly fetch manifest picomatch@^2.2.3
106 http fetch GET 200 https://registry.npmjs.org/chalk 37ms (cache revalidated)
107 http fetch GET 200 https://registry.npmjs.org/picomatch 34ms (cache revalidated)
108 http fetch GET 200 https://registry.npmjs.org/stack-utils 36ms (cache revalidated)
109 http fetch GET 200 https://registry.npmjs.org/graceful-fs 38ms (cache revalidated)
110 http fetch GET 200 https://registry.npmjs.org/@types%2fnode 43ms (cache revalidated)
111 http fetch GET 200 https://registry.npmjs.org/@types%2fstack-utils 51ms (cache revalidated)
112 http fetch GET 200 https://registry.npmjs.org/ci-info 49ms (cache revalidated)
113 http fetch GET 200 https://registry.npmjs.org/@jest%2ftypes 52ms (cache revalidated)
114 http fetch GET 200 https://registry.npmjs.org/micromatch 63ms (cache revalidated)
115 http fetch GET 200 https://registry.npmjs.org/jest-diff 65ms (cache revalidated)
116 http fetch GET 200 https://registry.npmjs.org/@babel%2fcode-frame 68ms (cache revalidated)
117 http fetch GET 200 https://registry.npmjs.org/slash 76ms (cache revalidated)
118 timing idealTree:node_modules/expect Completed in 86ms
119 timing idealTree:node_modules/@jest/expect-utils Completed in 0ms
120 timing idealTree:node_modules/jest-get-type Completed in 0ms
121 silly placeDep ROOT chalk@4.1.2 OK for: jest-matcher-utils@29.5.0 want: ^4.0.0
122 silly placeDep ROOT jest-diff@29.5.0 OK for: jest-matcher-utils@29.5.0 want: ^29.5.0
123 silly fetch manifest ansi-styles@^4.1.0
124 silly fetch manifest supports-color@^7.1.0
125 silly fetch manifest diff-sequences@^29.4.3
126 http fetch GET 200 https://registry.npmjs.org/diff-sequences 27ms (cache revalidated)
127 http fetch GET 200 https://registry.npmjs.org/supports-color 65ms (cache revalidated)
128 timing idealTree:node_modules/jest-matcher-utils Completed in 67ms
129 silly placeDep ROOT ansi-styles@4.3.0 OK for: chalk@4.1.2 want: ^4.1.0
130 silly placeDep ROOT supports-color@7.2.0 OK for: chalk@4.1.2 want: ^7.1.0
131 silly fetch manifest color-convert@^2.0.1
132 silly fetch manifest has-flag@^4.0.0
133 http fetch GET 200 https://registry.npmjs.org/has-flag 29ms (cache revalidated)
134 http fetch GET 200 https://registry.npmjs.org/color-convert 67ms (cache revalidated)
135 timing idealTree:node_modules/chalk Completed in 69ms
136 silly placeDep ROOT color-convert@2.0.1 OK for: ansi-styles@4.3.0 want: ^2.0.1
137 silly fetch manifest color-name@~1.1.4
138 http fetch GET 200 https://registry.npmjs.org/color-name 30ms (cache revalidated)
139 timing idealTree:node_modules/ansi-styles Completed in 30ms
140 silly placeDep ROOT color-name@1.1.4 OK for: color-convert@2.0.1 want: ~1.1.4
141 timing idealTree:node_modules/color-convert Completed in 1ms
142 timing idealTree:node_modules/color-name Completed in 0ms
143 silly placeDep ROOT diff-sequences@29.4.3 OK for: jest-diff@29.5.0 want: ^29.4.3
144 timing idealTree:node_modules/jest-diff Completed in 0ms
145 timing idealTree:node_modules/diff-sequences Completed in 0ms
146 silly placeDep ROOT @babel/code-frame@7.18.6 OK for: jest-message-util@29.5.0 want: ^7.12.13
147 silly placeDep ROOT @jest/types@29.5.0 OK for: jest-message-util@29.5.0 want: ^29.5.0
148 silly placeDep ROOT @types/stack-utils@2.0.1 OK for: jest-message-util@29.5.0 want: ^2.0.0
149 silly placeDep ROOT graceful-fs@4.2.11 OK for: jest-message-util@29.5.0 want: ^4.2.9
150 silly placeDep ROOT micromatch@4.0.5 OK for: jest-message-util@29.5.0 want: ^4.0.4
151 silly placeDep ROOT slash@3.0.0 OK for: jest-message-util@29.5.0 want: ^3.0.0
152 silly placeDep ROOT stack-utils@2.0.6 OK for: jest-message-util@29.5.0 want: ^2.0.3
153 silly fetch manifest @babel/highlight@^7.18.6
154 silly fetch manifest @types/istanbul-lib-coverage@^2.0.0
155 silly fetch manifest @types/istanbul-reports@^3.0.0
156 silly fetch manifest @types/yargs@^17.0.8
157 silly fetch manifest braces@^3.0.2
158 silly fetch manifest picomatch@^2.3.1
159 silly fetch manifest escape-string-regexp@^2.0.0
160 http fetch GET 200 https://registry.npmjs.org/escape-string-regexp 27ms (cache revalidated)
161 http fetch GET 200 https://registry.npmjs.org/@types%2fistanbul-reports 39ms (cache revalidated)
162 http fetch GET 200 https://registry.npmjs.org/@types%2fyargs 40ms (cache revalidated)
163 http fetch GET 200 https://registry.npmjs.org/@types%2fistanbul-lib-coverage 42ms (cache revalidated)
164 http fetch GET 200 https://registry.npmjs.org/@babel%2fhighlight 43ms (cache revalidated)
165 http fetch GET 200 https://registry.npmjs.org/braces 73ms (cache revalidated)
166 timing idealTree:node_modules/jest-message-util Completed in 77ms
167 silly placeDep ROOT @babel/highlight@7.18.6 OK for: @babel/code-frame@7.18.6 want: ^7.18.6
168 silly fetch manifest @babel/helper-validator-identifier@^7.18.6
169 silly fetch manifest chalk@^2.0.0
170 silly fetch manifest js-tokens@^4.0.0
171 http fetch GET 200 https://registry.npmjs.org/js-tokens 30ms (cache revalidated)
172 http fetch GET 200 https://registry.npmjs.org/@babel%2fhelper-validator-identifier 37ms (cache revalidated)
173 timing idealTree:node_modules/@babel/code-frame Completed in 40ms
174 silly placeDep ROOT @babel/helper-validator-identifier@7.19.1 OK for: @babel/highlight@7.18.6 want: ^7.18.6
175 silly placeDep node_modules/@babel/highlight chalk@2.4.2 OK for: @babel/highlight@7.18.6 want: ^2.0.0
176 silly placeDep ROOT js-tokens@4.0.0 OK for: @babel/highlight@7.18.6 want: ^4.0.0
177 silly fetch manifest ansi-styles@^3.2.1
178 silly fetch manifest escape-string-regexp@^1.0.5
179 silly fetch manifest supports-color@^5.3.0
180 timing idealTree:node_modules/@babel/highlight Completed in 2ms
181 timing idealTree:node_modules/@babel/helper-validator-identifier Completed in 0ms
182 silly placeDep ROOT @jest/schemas@29.4.3 OK for: @jest/types@29.5.0 want: ^29.4.3
183 silly placeDep ROOT @types/istanbul-lib-coverage@2.0.4 OK for: @jest/types@29.5.0 want: ^2.0.0
184 silly placeDep ROOT @types/istanbul-reports@3.0.1 OK for: @jest/types@29.5.0 want: ^3.0.0
185 silly placeDep ROOT @types/node@18.15.11 OK for: @jest/types@29.5.0 want: *
186 silly placeDep ROOT @types/yargs@17.0.24 OK for: @jest/types@29.5.0 want: ^17.0.8
187 silly fetch manifest @sinclair/typebox@^0.25.16
188 silly fetch manifest @types/istanbul-lib-report@*
189 silly fetch manifest @types/yargs-parser@*
190 http fetch GET 200 https://registry.npmjs.org/@types%2fyargs-parser 36ms (cache revalidated)
191 http fetch GET 200 https://registry.npmjs.org/@types%2fistanbul-lib-report 38ms (cache revalidated)
192 http fetch GET 200 https://registry.npmjs.org/@sinclair%2ftypebox 52ms (cache revalidated)
193 timing idealTree:node_modules/@jest/types Completed in 55ms
194 silly placeDep ROOT @sinclair/typebox@0.25.24 OK for: @jest/schemas@29.4.3 want: ^0.25.16
195 timing idealTree:node_modules/@jest/schemas Completed in 1ms
196 timing idealTree:node_modules/@sinclair/typebox Completed in 0ms
197 timing idealTree:node_modules/@types/istanbul-lib-coverage Completed in 0ms
198 silly placeDep ROOT @types/istanbul-lib-report@3.0.0 OK for: @types/istanbul-reports@3.0.1 want: *
199 timing idealTree:node_modules/@types/istanbul-reports Completed in 0ms
200 timing idealTree:node_modules/@types/istanbul-lib-report Completed in 0ms
201 timing idealTree:node_modules/@types/node Completed in 0ms
202 timing idealTree:node_modules/@types/stack-utils Completed in 0ms
203 silly placeDep ROOT @types/yargs-parser@21.0.0 OK for: @types/yargs@17.0.24 want: *
204 timing idealTree:node_modules/@types/yargs Completed in 1ms
205 timing idealTree:node_modules/@types/yargs-parser Completed in 0ms
206 timing idealTree:node_modules/graceful-fs Completed in 0ms
207 silly placeDep ROOT ci-info@3.8.0 OK for: jest-util@29.5.0 want: ^3.2.0
208 silly placeDep ROOT picomatch@2.3.1 OK for: jest-util@29.5.0 want: ^2.2.3
209 timing idealTree:node_modules/jest-util Completed in 1ms
210 timing idealTree:node_modules/ci-info Completed in 0ms
211 timing idealTree:node_modules/js-tokens Completed in 0ms
212 silly placeDep ROOT braces@3.0.2 OK for: micromatch@4.0.5 want: ^3.0.2
213 silly fetch manifest fill-range@^7.0.1
214 http fetch GET 200 https://registry.npmjs.org/fill-range 72ms (cache revalidated)
215 timing idealTree:node_modules/micromatch Completed in 73ms
216 silly placeDep ROOT fill-range@7.0.1 OK for: braces@3.0.2 want: ^7.0.1
217 silly fetch manifest to-regex-range@^5.0.1
218 http fetch GET 200 https://registry.npmjs.org/to-regex-range 27ms (cache revalidated)
219 timing idealTree:node_modules/braces Completed in 29ms
220 silly placeDep ROOT to-regex-range@5.0.1 OK for: fill-range@7.0.1 want: ^5.0.1
221 silly fetch manifest is-number@^7.0.0
222 http fetch GET 200 https://registry.npmjs.org/is-number 69ms (cache revalidated)
223 timing idealTree:node_modules/fill-range Completed in 72ms
224 timing idealTree:node_modules/picomatch Completed in 0ms
225 silly placeDep node_modules/pretty-format ansi-styles@5.2.0 OK for: pretty-format@29.5.0 want: ^5.0.0
226 silly placeDep ROOT react-is@18.2.0 OK for: pretty-format@29.5.0 want: ^18.0.0
227 timing idealTree:node_modules/pretty-format Completed in 2ms
228 timing idealTree:node_modules/react-is Completed in 0ms
229 timing idealTree:node_modules/slash Completed in 0ms
230 silly placeDep ROOT escape-string-regexp@2.0.0 OK for: stack-utils@2.0.6 want: ^2.0.0
231 timing idealTree:node_modules/stack-utils Completed in 0ms
232 timing idealTree:node_modules/escape-string-regexp Completed in 0ms
233 silly placeDep ROOT has-flag@4.0.0 OK for: supports-color@7.2.0 want: ^4.0.0
234 timing idealTree:node_modules/supports-color Completed in 1ms
235 timing idealTree:node_modules/has-flag Completed in 0ms
236 silly placeDep ROOT is-number@7.0.0 OK for: to-regex-range@5.0.1 want: ^7.0.0
237 timing idealTree:node_modules/to-regex-range Completed in 0ms
238 timing idealTree:node_modules/is-number Completed in 0ms
239 silly placeDep node_modules/@babel/highlight ansi-styles@3.2.1 OK for: chalk@2.4.2 want: ^3.2.1
240 silly placeDep node_modules/@babel/highlight escape-string-regexp@1.0.5 OK for: chalk@2.4.2 want: ^1.0.5
241 silly placeDep node_modules/@babel/highlight supports-color@5.5.0 OK for: chalk@2.4.2 want: ^5.3.0
242 silly fetch manifest color-convert@^1.9.0
243 silly fetch manifest has-flag@^3.0.0
244 timing idealTree:node_modules/@babel/highlight/node_modules/chalk Completed in 2ms
245 silly placeDep node_modules/@babel/highlight color-convert@1.9.3 OK for: ansi-styles@3.2.1 want: ^1.9.0
246 silly fetch manifest color-name@1.1.3
247 timing idealTree:node_modules/@babel/highlight/node_modules/ansi-styles Completed in 0ms
248 silly placeDep node_modules/@babel/highlight color-name@1.1.3 OK for: color-convert@1.9.3 want: 1.1.3
249 timing idealTree:node_modules/@babel/highlight/node_modules/color-convert Completed in 1ms
250 timing idealTree:node_modules/@babel/highlight/node_modules/color-name Completed in 0ms
251 timing idealTree:node_modules/@babel/highlight/node_modules/escape-string-regexp Completed in 0ms
252 silly placeDep node_modules/@babel/highlight has-flag@3.0.0 OK for: supports-color@5.5.0 want: ^3.0.0
253 timing idealTree:node_modules/@babel/highlight/node_modules/supports-color Completed in 0ms
254 timing idealTree:node_modules/@babel/highlight/node_modules/has-flag Completed in 0ms
255 timing idealTree:node_modules/pretty-format/node_modules/ansi-styles Completed in 0ms
256 timing idealTree:buildDeps Completed in 1037ms
257 timing idealTree:fixDepFlags Completed in 0ms
258 timing idealTree Completed in 1145ms
259 timing reify:loadTrees Completed in 1146ms
260 timing reify:diffTrees Completed in 1ms
261 silly reify moves {}
262 timing reify:retireShallow Completed in 1ms
263 timing reify:createSparse Completed in 4ms
264 timing reify:loadBundles Completed in 0ms
265 silly audit bulk request {
265 silly audit   'types-registry': [ '0.1.637' ],
265 silly audit   '@types/react': [ '18.0.31' ],
265 silly audit   '@types/react-dom': [ '18.0.11' ],
265 silly audit   '@types/testing-library__jest-dom': [ '5.14.5' ],
265 silly audit   '@types/prop-types': [ '15.7.5' ],
265 silly audit   '@types/scheduler': [ '0.16.3' ],
265 silly audit   csstype: [ '3.1.1' ],
265 silly audit   '@types/jest': [ '29.5.0' ],
265 silly audit   expect: [ '29.5.0' ],
265 silly audit   'pretty-format': [ '29.5.0' ],
265 silly audit   '@jest/expect-utils': [ '29.5.0' ],
265 silly audit   'jest-get-type': [ '29.4.3' ],
265 silly audit   'jest-matcher-utils': [ '29.5.0' ],
265 silly audit   'jest-message-util': [ '29.5.0' ],
265 silly audit   'jest-util': [ '29.5.0' ],
265 silly audit   chalk: [ '4.1.2', '2.4.2' ],
265 silly audit   'jest-diff': [ '29.5.0' ],
265 silly audit   'ansi-styles': [ '4.3.0', '5.2.0', '3.2.1' ],
265 silly audit   'supports-color': [ '7.2.0', '5.5.0' ],
265 silly audit   'color-convert': [ '2.0.1', '1.9.3' ],
265 silly audit   'color-name': [ '1.1.4', '1.1.3' ],
265 silly audit   'diff-sequences': [ '29.4.3' ],
265 silly audit   '@babel/code-frame': [ '7.18.6' ],
265 silly audit   '@jest/types': [ '29.5.0' ],
265 silly audit   '@types/stack-utils': [ '2.0.1' ],
265 silly audit   'graceful-fs': [ '4.2.11' ],
265 silly audit   micromatch: [ '4.0.5' ],
265 silly audit   slash: [ '3.0.0' ],
265 silly audit   'stack-utils': [ '2.0.6' ],
265 silly audit   '@babel/highlight': [ '7.18.6' ],
265 silly audit   '@babel/helper-validator-identifier': [ '7.19.1' ],
265 silly audit   'js-tokens': [ '4.0.0' ],
265 silly audit   '@jest/schemas': [ '29.4.3' ],
265 silly audit   '@types/istanbul-lib-coverage': [ '2.0.4' ],
265 silly audit   '@types/istanbul-reports': [ '3.0.1' ],
265 silly audit   '@types/node': [ '18.15.11' ],
265 silly audit   '@types/yargs': [ '17.0.24' ],
265 silly audit   '@sinclair/typebox': [ '0.25.24' ],
265 silly audit   '@types/istanbul-lib-report': [ '3.0.0' ],
265 silly audit   '@types/yargs-parser': [ '21.0.0' ],
265 silly audit   'ci-info': [ '3.8.0' ],
265 silly audit   picomatch: [ '2.3.1' ],
265 silly audit   braces: [ '3.0.2' ],
265 silly audit   'fill-range': [ '7.0.1' ],
265 silly audit   'to-regex-range': [ '5.0.1' ],
265 silly audit   'react-is': [ '18.2.0' ],
265 silly audit   'escape-string-regexp': [ '2.0.0', '1.0.5' ],
265 silly audit   'has-flag': [ '4.0.0', '3.0.0' ],
265 silly audit   'is-number': [ '7.0.0' ]
265 silly audit }
266 timing reifyNode:node_modules/@types/istanbul-lib-report Completed in 72ms
267 timing reifyNode:node_modules/@types/yargs-parser Completed in 72ms
268 timing reifyNode:node_modules/is-number Completed in 72ms
269 timing reifyNode:node_modules/@types/istanbul-reports Completed in 72ms
270 timing reifyNode:node_modules/@types/istanbul-lib-coverage Completed in 73ms
271 timing reifyNode:node_modules/@types/stack-utils Completed in 73ms
272 timing reifyNode:node_modules/color-name Completed in 73ms
273 timing reifyNode:node_modules/@types/prop-types Completed in 73ms
274 timing reifyNode:node_modules/@babel/highlight/node_modules/escape-string-regexp Completed in 74ms
275 timing reifyNode:node_modules/@babel/highlight/node_modules/ansi-styles Completed in 74ms
276 timing reifyNode:node_modules/has-flag Completed in 74ms
277 timing reifyNode:node_modules/escape-string-regexp Completed in 74ms
278 timing reifyNode:node_modules/@babel/highlight/node_modules/has-flag Completed in 74ms
279 timing reifyNode:node_modules/stack-utils Completed in 74ms
280 timing reifyNode:node_modules/slash Completed in 76ms
281 timing reifyNode:node_modules/@babel/code-frame Completed in 76ms
282 timing reifyNode:node_modules/@babel/highlight Completed in 76ms
283 timing reifyNode:node_modules/fill-range Completed in 77ms
284 timing reifyNode:node_modules/jest-get-type Completed in 77ms
285 timing reifyNode:node_modules/@types/scheduler Completed in 76ms
286 timing reifyNode:node_modules/supports-color Completed in 77ms
287 timing reifyNode:node_modules/@jest/schemas Completed in 77ms
288 timing reifyNode:node_modules/to-regex-range Completed in 77ms
289 timing reifyNode:node_modules/@babel/highlight/node_modules/supports-color Completed in 77ms
290 timing reifyNode:node_modules/ansi-styles Completed in 77ms
291 timing reifyNode:node_modules/pretty-format/node_modules/ansi-styles Completed in 77ms
292 timing reifyNode:node_modules/micromatch Completed in 78ms
293 timing reifyNode:node_modules/js-tokens Completed in 78ms
294 timing reifyNode:node_modules/graceful-fs Completed in 78ms
295 timing reifyNode:node_modules/@types/testing-library__jest-dom Completed in 77ms
296 timing reifyNode:node_modules/@babel/highlight/node_modules/color-name Completed in 78ms
297 timing reifyNode:node_modules/jest-message-util Completed in 79ms
298 timing reifyNode:node_modules/ci-info Completed in 79ms
299 timing reifyNode:node_modules/color-convert Completed in 79ms
300 timing reifyNode:node_modules/@types/jest Completed in 79ms
301 timing reifyNode:node_modules/@babel/highlight/node_modules/color-convert Completed in 80ms
302 timing reifyNode:node_modules/@babel/highlight/node_modules/chalk Completed in 80ms
303 timing reifyNode:node_modules/diff-sequences Completed in 80ms
304 timing reifyNode:node_modules/chalk Completed in 80ms
305 timing reifyNode:node_modules/@types/yargs Completed in 81ms
306 timing reifyNode:node_modules/jest-matcher-utils Completed in 81ms
307 timing reifyNode:node_modules/react-is Completed in 81ms
308 timing reifyNode:node_modules/@jest/expect-utils Completed in 81ms
309 timing reifyNode:node_modules/@jest/types Completed in 82ms
310 timing reifyNode:node_modules/@types/react-dom Completed in 81ms
311 timing reifyNode:node_modules/braces Completed in 82ms
312 timing reifyNode:node_modules/@babel/helper-validator-identifier Completed in 83ms
313 timing reifyNode:node_modules/picomatch Completed in 83ms
314 timing reifyNode:node_modules/@types/react Completed in 83ms
315 timing reifyNode:node_modules/jest-diff Completed in 85ms
316 timing reifyNode:node_modules/expect Completed in 84ms
317 timing reifyNode:node_modules/jest-util Completed in 85ms
318 timing reifyNode:node_modules/pretty-format Completed in 84ms
319 timing reifyNode:node_modules/csstype Completed in 90ms
320 timing reifyNode:node_modules/@sinclair/typebox Completed in 92ms
321 timing reifyNode:node_modules/@types/node Completed in 105ms
322 timing reify:unpack Completed in 105ms
323 timing reify:unretire Completed in 0ms
324 timing build:queue Completed in 0ms
325 timing build:deps Completed in 0ms
326 timing build Completed in 0ms
327 timing reify:build Completed in 1ms
328 timing reify:trash Completed in 0ms
329 timing reify:save Completed in 7ms
330 http fetch POST 200 https://registry.npmjs.org/-/npm/v1/security/advisories/bulk 200ms
331 timing auditReport:getReport Completed in 202ms
332 silly audit report {}
333 timing auditReport:init Completed in 0ms
334 timing reify:audit Completed in 202ms
335 timing reify Completed in 1356ms
336 silly ADD node_modules/is-number
337 silly ADD node_modules/has-flag
338 silly ADD node_modules/escape-string-regexp
339 silly ADD node_modules/react-is
340 silly ADD node_modules/to-regex-range
341 silly ADD node_modules/fill-range
342 silly ADD node_modules/braces
343 silly ADD node_modules/picomatch
344 silly ADD node_modules/ci-info
345 silly ADD node_modules/@types/yargs-parser
346 silly ADD node_modules/@types/istanbul-lib-report
347 silly ADD node_modules/@sinclair/typebox
348 silly ADD node_modules/@types/yargs
349 silly ADD node_modules/@types/node
350 silly ADD node_modules/@types/istanbul-reports
351 silly ADD node_modules/@types/istanbul-lib-coverage
352 silly ADD node_modules/@jest/schemas
353 silly ADD node_modules/js-tokens
354 silly ADD node_modules/@babel/helper-validator-identifier
355 silly ADD node_modules/@babel/highlight
356 silly ADD node_modules/@babel/highlight/node_modules/has-flag
357 silly ADD node_modules/@babel/highlight/node_modules/color-name
358 silly ADD node_modules/@babel/highlight/node_modules/color-convert
359 silly ADD node_modules/@babel/highlight/node_modules/supports-color
360 silly ADD node_modules/@babel/highlight/node_modules/escape-string-regexp
361 silly ADD node_modules/@babel/highlight/node_modules/ansi-styles
362 silly ADD node_modules/@babel/highlight/node_modules/chalk
363 silly ADD node_modules/stack-utils
364 silly ADD node_modules/slash
365 silly ADD node_modules/micromatch
366 silly ADD node_modules/graceful-fs
367 silly ADD node_modules/@types/stack-utils
368 silly ADD node_modules/@jest/types
369 silly ADD node_modules/@babel/code-frame
370 silly ADD node_modules/diff-sequences
371 silly ADD node_modules/color-name
372 silly ADD node_modules/color-convert
373 silly ADD node_modules/supports-color
374 silly ADD node_modules/ansi-styles
375 silly ADD node_modules/jest-diff
376 silly ADD node_modules/chalk
377 silly ADD node_modules/jest-util
378 silly ADD node_modules/jest-message-util
379 silly ADD node_modules/jest-matcher-utils
380 silly ADD node_modules/jest-get-type
381 silly ADD node_modules/@jest/expect-utils
382 silly ADD node_modules/pretty-format
383 silly ADD node_modules/pretty-format/node_modules/ansi-styles
384 silly ADD node_modules/expect
385 silly ADD node_modules/@types/jest
386 silly ADD node_modules/csstype
387 silly ADD node_modules/@types/scheduler
388 silly ADD node_modules/@types/prop-types
389 silly ADD node_modules/@types/testing-library__jest-dom
390 silly ADD node_modules/@types/react-dom
391 silly ADD node_modules/@types/react
392 timing command:install Completed in 1359ms
393 verbose exit 0
394 timing npm Completed in 1377ms
395 info ok
